2020-06-16 08:43:20,421 INFO o.a.j.u.JMeterUtils: Setting Locale to en_EN
2020-06-16 08:43:20,437 INFO o.a.j.JMeter: Loading user properties from: /usr/local/Cellar/jmeter/5.3/libexec/bin/user.properties
2020-06-16 08:43:20,437 INFO o.a.j.JMeter: Loading system properties from: /usr/local/Cellar/jmeter/5.3/libexec/bin/system.properties
2020-06-16 08:43:20,438 INFO o.a.j.JMeter: Copyright (c) 1998-2020 The Apache Software Foundation
2020-06-16 08:43:20,438 INFO o.a.j.JMeter: Version 5.3
2020-06-16 08:43:20,438 INFO o.a.j.JMeter: java.version=1.8.0_252
2020-06-16 08:43:20,438 INFO o.a.j.JMeter: java.vm.name=OpenJDK 64-Bit Server VM
2020-06-16 08:43:20,438 INFO o.a.j.JMeter: os.name=Mac OS X
2020-06-16 08:43:20,438 INFO o.a.j.JMeter: os.arch=x86_64
2020-06-16 08:43:20,439 INFO o.a.j.JMeter: os.version=10.15.5
2020-06-16 08:43:20,439 INFO o.a.j.JMeter: file.encoding=UTF-8
2020-06-16 08:43:20,439 INFO o.a.j.JMeter: java.awt.headless=null
2020-06-16 08:43:20,439 INFO o.a.j.JMeter: Max memory     =1073741824
2020-06-16 08:43:20,439 INFO o.a.j.JMeter: Available Processors =16
2020-06-16 08:43:20,443 INFO o.a.j.JMeter: Default Locale=English (EN)
2020-06-16 08:43:20,443 INFO o.a.j.JMeter: JMeter  Locale=English (EN)
2020-06-16 08:43:20,443 INFO o.a.j.JMeter: JMeterHome=/usr/local/Cellar/jmeter/5.3/libexec
2020-06-16 08:43:20,443 INFO o.a.j.JMeter: user.dir  =/Users/diegoojedagarcia/Projects/Personal/cocinero/ElCocineroBack/ElCocineroBack
2020-06-16 08:43:20,444 INFO o.a.j.JMeter: PWD       =/Users/diegoojedagarcia/Projects/Personal/cocinero/ElCocineroBack/ElCocineroBack
2020-06-16 08:43:20,445 INFO o.a.j.JMeter: IP: 192.168.1.135 Name: MacBook-Pro-de-Diego.local FullName: 192.168.1.135
2020-06-16 08:43:20,831 INFO o.a.j.JMeter: Setting LAF to: com.github.weisj.darklaf.DarkLaf:com.github.weisj.darklaf.theme.DarculaTheme
2020-06-16 08:43:21,539 INFO o.a.j.JMeter: Loaded icon properties from org/apache/jmeter/images/icon.properties
2020-06-16 08:43:22,387 INFO o.j.r.JARSourceHTTP: Found cached repo
2020-06-16 08:43:22,530 INFO o.j.r.PluginManager: Plugins Status: [jpgc-plugins-manager=1.3, jmeter-core=5.3, jmeter-ftp=5.3, jmeter-http=5.3, jmeter-jdbc=5.3, jmeter-jms=5.3, jmeter-junit=5.3, jmeter-java=5.3, jmeter-ldap=5.3, jmeter-mail=5.3, jmeter-mongodb=5.3, jmeter-native=5.3, jmeter-tcp=5.3, jmeter-components=5.3]
2020-06-16 08:43:22,531 INFO o.j.r.PluginManagerMenuItem: Plugins Manager has upgrades: [jpgc-plugins-manager]
2020-06-16 08:43:30,383 INFO o.a.j.s.FileServer: Default base='/Users/diegoojedagarcia/Projects/Personal/cocinero/ElCocineroBack/ElCocineroBack'
2020-06-16 08:43:30,390 INFO o.a.j.g.a.Load: Loading file: /Users/diegoojedagarcia/Projects/Personal/cocinero/ElCocineroBack/ElCocineroTest/Functional/test.jmx
2020-06-16 08:43:30,390 INFO o.a.j.s.FileServer: Set new base='/Users/diegoojedagarcia/Projects/Personal/cocinero/ElCocineroBack/ElCocineroTest/Functional'
2020-06-16 08:43:30,492 INFO o.a.j.s.SaveService: Testplan (JMX) version: 2.2. Testlog (JTL) version: 2.2
2020-06-16 08:43:30,502 INFO o.a.j.s.SaveService: Using SaveService properties file encoding UTF-8
2020-06-16 08:43:30,503 INFO o.a.j.s.SaveService: Using SaveService properties version 5.0
2020-06-16 08:43:30,505 INFO o.a.j.s.SaveService: Loading file: /Users/diegoojedagarcia/Projects/Personal/cocinero/ElCocineroBack/ElCocineroTest/Functional/test.jmx
2020-06-16 08:43:30,631 INFO o.a.j.p.h.s.HTTPSamplerBase: Parser for text/html is org.apache.jmeter.protocol.http.parser.LagartoBasedHtmlParser
2020-06-16 08:43:30,631 INFO o.a.j.p.h.s.HTTPSamplerBase: Parser for application/xhtml+xml is org.apache.jmeter.protocol.http.parser.LagartoBasedHtmlParser
2020-06-16 08:43:30,631 INFO o.a.j.p.h.s.HTTPSamplerBase: Parser for application/xml is org.apache.jmeter.protocol.http.parser.LagartoBasedHtmlParser
2020-06-16 08:43:30,631 INFO o.a.j.p.h.s.HTTPSamplerBase: Parser for text/xml is org.apache.jmeter.protocol.http.parser.LagartoBasedHtmlParser
2020-06-16 08:43:30,631 INFO o.a.j.p.h.s.HTTPSamplerBase: Parser for text/vnd.wap.wml is org.apache.jmeter.protocol.http.parser.RegexpHTMLParser
2020-06-16 08:43:30,632 INFO o.a.j.p.h.s.HTTPSamplerBase: Parser for text/css is org.apache.jmeter.protocol.http.parser.CssParser
2020-06-16 08:43:31,003 INFO o.a.j.s.SampleResult: Note: Sample TimeStamps are START times
2020-06-16 08:43:31,003 INFO o.a.j.s.SampleResult: sampleresult.default.encoding is set to ISO-8859-1
2020-06-16 08:43:31,003 INFO o.a.j.s.SampleResult: sampleresult.useNanoTime=true
2020-06-16 08:43:31,003 INFO o.a.j.s.SampleResult: sampleresult.nanoThreadSleep=5000
2020-06-16 08:43:31,228 INFO o.a.j.s.FileServer: Set new base='/Users/diegoojedagarcia/Projects/Personal/cocinero/ElCocineroBack/ElCocineroTest/Functional'
2020-06-16 08:43:34,569 INFO o.a.j.e.StandardJMeterEngine: Running the test!
2020-06-16 08:43:34,570 INFO o.a.j.s.SampleEvent: List of sample_variables: []
2020-06-16 08:43:34,570 INFO o.a.j.s.SampleEvent: List of sample_variables: []
2020-06-16 08:43:34,571 INFO o.a.j.e.u.CompoundVariable: Note: Function class names must contain the string: '.functions.'
2020-06-16 08:43:34,571 INFO o.a.j.e.u.CompoundVariable: Note: Function class names must not contain the string: '.gui.'
2020-06-16 08:43:34,780 INFO o.a.j.g.u.JMeterMenuBar: setRunning(true, *local*)
2020-06-16 08:43:34,933 INFO o.a.j.e.StandardJMeterEngine: Starting ThreadGroup: 1 : Base
2020-06-16 08:43:34,933 INFO o.a.j.e.StandardJMeterEngine: Starting 1 threads for group Base.
2020-06-16 08:43:34,933 INFO o.a.j.e.StandardJMeterEngine: Thread will continue on error
2020-06-16 08:43:34,934 INFO o.a.j.t.ThreadGroup: Starting thread group... number=1 threads=1 ramp-up=1 delayedStart=false
2020-06-16 08:43:34,941 INFO o.a.j.t.ThreadGroup: Started thread group number 1
2020-06-16 08:43:34,941 INFO o.a.j.e.StandardJMeterEngine: All thread groups have been started
2020-06-16 08:43:34,943 INFO o.a.j.t.JMeterThread: Thread started: Base 1-1
2020-06-16 08:43:34,949 INFO o.a.j.p.h.s.HTTPHCAbstractImpl: Local host = MacBook-Pro-de-Diego.local
2020-06-16 08:43:34,953 INFO o.a.j.p.h.s.HTTPHC4Impl: HTTP request retry count = 0
2020-06-16 08:43:35,519 ERROR o.a.j.u.BeanShellInterpreter: Error invoking bsh method: eval	In file: inline evaluation of: ``vars.put("globalAuthorId", );'' Encountered "( \"globalAuthorId\" , )" at line 1, column 9.

2020-06-16 08:43:35,520 WARN o.a.j.e.BeanShellPostProcessor: Problem in BeanShell script: org.apache.jorphan.util.JMeterException: Error invoking bsh method: eval	In file: inline evaluation of: ``vars.put("globalAuthorId", );'' Encountered "( \"globalAuthorId\" , )" at line 1, column 9.

2020-06-16 08:43:35,667 INFO o.a.j.t.JMeterThread: Thread is done: Base 1-1
2020-06-16 08:43:35,668 INFO o.a.j.t.JMeterThread: Thread finished: Base 1-1
2020-06-16 08:43:35,669 INFO o.a.j.e.StandardJMeterEngine: Notifying test listeners of end of test
2020-06-16 08:43:35,669 INFO o.a.j.g.u.JMeterMenuBar: setRunning(false, *local*)
